<?xml version="1.0" encoding="UTF-8"?>
<!-- Generated by org.testng.reporters.JUnitReportReporter -->
<testsuite hostname="DESKTOP-H4FRD3F" failures="0" tests="1" name="FancodeToDo.FancodeToDoTest" time="7.891" errors="0" timestamp="2024-10-10T23:12:28 IST" skipped="0">
  <testcase classname="FancodeToDo.FancodeToDoTest" name="testUserTodoCompletion" time="7.891"/>
  <system-out/>
</testsuite> <!-- FancodeToDo.FancodeToDoTest -->
